2025-03-03 11:47:07,188 - solver.DE - INFO - Starting DE optimization...
2025-03-03 11:47:07,188 - solver.DE - DEBUG - Initializing DE population...
2025-03-03 11:47:07,188 - solver.DE - DEBUG - Using min_stage_fraction=0.1250 for 4 stages
2025-03-03 11:47:07,188 - solver.DE - DEBUG - Initial position 0: [1450.95912574 1889.16427185 3367.77840252 2592.09819989]
2025-03-03 11:47:07,188 - solver.DE - DEBUG - Initial position 1: [2126.62625649 2333.3420694  1973.55279453 2866.47887958]
2025-03-03 11:47:07,189 - solver.DE - DEBUG - Initial position 2: [3339.70827492 1429.68300709 2216.30492821 2314.30378978]
2025-03-03 11:47:07,193 - solver.DE - DEBUG - 
Generation 1:
2025-03-03 11:47:07,193 - solver.DE - DEBUG - Stage means: [2288.44000645 2370.75338673 2327.8175213  2312.98908553]
2025-03-03 11:47:07,193 - solver.DE - DEBUG - Stage stddevs: [581.90211723 572.75982635 617.93354403 578.87256851]
2025-03-03 11:47:07,193 - solver.DE - DEBUG - Current best fitness: -0.080952
2025-03-03 11:47:07,193 - solver.DE - DEBUG - Current best solution: [1702.09730233 1202.43029196 2165.22998512 4230.24242059]
2025-03-03 11:47:07,193 - solver.DE - DEBUG - Mutation rate F: 0.9000
2025-03-03 11:47:07,194 - solver.DE - DEBUG - Trial 0 details:
2025-03-03 11:47:07,194 - solver.DE - DEBUG - Parent: [1450.95912574 1889.16427185 3367.77840252 2592.09819989]
2025-03-03 11:47:07,194 - solver.DE - DEBUG - Mutant: [1371.93672571 1646.52122803 3717.90271352 2563.63933273]
2025-03-03 11:47:07,194 - solver.DE - DEBUG - Trial: [1371.93672571 1646.52122803 3717.90271352 2563.63933273]
2025-03-03 11:47:07,194 - solver.DE - DEBUG - Trial 0 accepted:
2025-03-03 11:47:07,194 - solver.DE - DEBUG - Old fitness: -0.070551
2025-03-03 11:47:07,194 - solver.DE - DEBUG - New fitness: -0.071680
2025-03-03 11:47:07,194 - solver.DE - DEBUG - Trial 1 details:
2025-03-03 11:47:07,194 - solver.DE - DEBUG - Parent: [2126.62625649 2333.3420694  1973.55279453 2866.47887958]
2025-03-03 11:47:07,194 - solver.DE - DEBUG - Mutant: [1633.04963751 3076.93889721 2057.82615355 2532.18531173]
2025-03-03 11:47:07,194 - solver.DE - DEBUG - Trial: [1633.04963751 3076.93889721 2057.82615355 2532.18531173]
2025-03-03 11:47:07,199 - solver.DE - DEBUG - New best solution found:
2025-03-03 11:47:07,199 - solver.DE - DEBUG - Old best: [1702.09730233 1202.43029196 2165.22998512 4230.24242059] (fitness: -0.080952)
2025-03-03 11:47:07,199 - solver.DE - DEBUG - New best: [1075.74619064 1316.16581423 2843.91834474 4064.1696504 ] (fitness: -0.081523)
2025-03-03 11:47:07,204 - solver.DE - DEBUG - 
Generation 2:
2025-03-03 11:47:07,204 - solver.DE - DEBUG - Stage means: [2266.86913254 2319.69706449 2316.04669779 2397.38710519]
2025-03-03 11:47:07,204 - solver.DE - DEBUG - Stage stddevs: [623.94907528 723.84219971 722.858492   660.25592545]
2025-03-03 11:47:07,204 - solver.DE - DEBUG - Current best fitness: -0.081523
2025-03-03 11:47:07,204 - solver.DE - DEBUG - Current best solution: [1075.74619064 1316.16581423 2843.91834474 4064.1696504 ]
2025-03-03 11:47:07,204 - solver.DE - DEBUG - Mutation rate F: 0.8967
2025-03-03 11:47:07,204 - solver.DE - DEBUG - Trial 0 details:
2025-03-03 11:47:07,205 - solver.DE - DEBUG - Parent: [1371.93672571 1646.52122803 3717.90271352 2563.63933273]
2025-03-03 11:47:07,205 - solver.DE - DEBUG - Mutant: [1384.87392542 2594.95641137 2044.19736892 3275.97229429]
2025-03-03 11:47:07,205 - solver.DE - DEBUG - Trial: [1384.87392542 1646.52122803 2044.19736892 3275.97229429]
2025-03-03 11:47:07,205 - solver.DE - DEBUG - Trial 1 details:
2025-03-03 11:47:07,205 - solver.DE - DEBUG - Parent: [2126.62625649 2333.3420694  1973.55279453 2866.47887958]
2025-03-03 11:47:07,205 - solver.DE - DEBUG - Mutant: [2629.64814992 1593.81750636 2552.87852756 2523.65581617]
2025-03-03 11:47:07,205 - solver.DE - DEBUG - Trial: [2629.64814992 1593.81750636 1973.55279453 2866.47887958]
2025-03-03 11:47:07,214 - solver.DE - DEBUG - 
Generation 3:
2025-03-03 11:47:07,214 - solver.DE - DEBUG - Stage means: [2227.08727836 2255.38116735 2317.96695511 2499.56459917]
2025-03-03 11:47:07,214 - solver.DE - DEBUG - Stage stddevs: [654.21893368 788.67862507 847.04944039 711.05428739]
2025-03-03 11:47:07,215 - solver.DE - DEBUG - Current best fitness: -0.081523
2025-03-03 11:47:07,215 - solver.DE - DEBUG - Current best solution: [1075.74619064 1316.16581423 2843.91834474 4064.1696504 ]
2025-03-03 11:47:07,215 - solver.DE - DEBUG - Mutation rate F: 0.8934
2025-03-03 11:47:07,215 - solver.DE - DEBUG - Trial 0 details:
2025-03-03 11:47:07,215 - solver.DE - DEBUG - Parent: [1371.93672571 1646.52122803 3717.90271352 2563.63933273]
2025-03-03 11:47:07,215 - solver.DE - DEBUG - Mutant: [ 928.62126776 1225.1669214  3744.06308665 3402.14872419]
2025-03-03 11:47:07,215 - solver.DE - DEBUG - Trial: [1371.93672571 1225.1669214  3744.06308665 3402.14872419]
2025-03-03 11:47:07,215 - solver.DE - DEBUG - Trial 1 details:
2025-03-03 11:47:07,215 - solver.DE - DEBUG - Parent: [2126.62625649 2333.3420694  1973.55279453 2866.47887958]
2025-03-03 11:47:07,215 - solver.DE - DEBUG - Mutant: [ 812.95538119 1701.34618675 2822.32992478 3963.36850728]
2025-03-03 11:47:07,215 - solver.DE - DEBUG - Trial: [ 812.95538119 1701.34618675 2822.32992478 3963.36850728]
2025-03-03 11:47:07,215 - solver.DE - DEBUG - Trial 1 accepted:
2025-03-03 11:47:07,215 - solver.DE - DEBUG - Old fitness: -0.069053
2025-03-03 11:47:07,215 - solver.DE - DEBUG - New fitness: -0.080856
2025-03-03 11:47:07,219 - solver.DE - DEBUG - New best solution found:
2025-03-03 11:47:07,219 - solver.DE - DEBUG - Old best: [1075.74619064 1316.16581423 2843.91834474 4064.1696504 ] (fitness: -0.081523)
2025-03-03 11:47:07,219 - solver.DE - DEBUG - New best: [1196.53733979 1833.37737712 1761.15633537 4508.92894771] (fitness: -0.084008)
2025-03-03 11:47:07,224 - solver.DE - DEBUG - New best solution found:
2025-03-03 11:47:07,224 - solver.DE - DEBUG - Old best: [1196.53733979 1833.37737712 1761.15633537 4508.92894771] (fitness: -0.084008)
2025-03-03 11:47:07,224 - solver.DE - DEBUG - New best: [ 379.40065941 2966.50207853 1437.0828957  4517.01436636] (fitness: -0.086820)
2025-03-03 11:47:07,225 - solver.DE - DEBUG - 
Generation 4:
2025-03-03 11:47:07,225 - solver.DE - DEBUG - Stage means: [2173.45316018 2175.80788667 2393.03803427 2557.70091888]
2025-03-03 11:47:07,225 - solver.DE - DEBUG - Stage stddevs: [ 791.28455757  836.8572262  1006.14283815  813.80609104]
2025-03-03 11:47:07,225 - solver.DE - DEBUG - Current best fitness: -0.086820
2025-03-03 11:47:07,225 - solver.DE - DEBUG - Current best solution: [ 379.40065941 2966.50207853 1437.0828957  4517.01436636]
2025-03-03 11:47:07,225 - solver.DE - DEBUG - Mutation rate F: 0.8901
2025-03-03 11:47:07,225 - solver.DE - DEBUG - Trial 0 details:
2025-03-03 11:47:07,225 - solver.DE - DEBUG - Parent: [1371.93672571 1646.52122803 3717.90271352 2563.63933273]
2025-03-03 11:47:07,225 - solver.DE - DEBUG - Mutant: [3114.16845511  128.96829436 2618.13310198 3438.73014855]
2025-03-03 11:47:07,225 - solver.DE - DEBUG - Trial: [3114.16845511  128.96829436 2618.13310198 3438.73014855]
2025-03-03 11:47:07,225 - solver.DE - DEBUG - Trial 0 accepted:
2025-03-03 11:47:07,225 - solver.DE - DEBUG - Old fitness: -0.071680
2025-03-03 11:47:07,225 - solver.DE - DEBUG - New fitness: -0.075651
2025-03-03 11:47:07,225 - solver.DE - DEBUG - Trial 1 details:
2025-03-03 11:47:07,225 - solver.DE - DEBUG - Parent: [ 812.95538119 1701.34618675 2822.32992478 3963.36850728]
2025-03-03 11:47:07,225 - solver.DE - DEBUG - Mutant: [ 395.06698091    0.         4704.05478116 4200.87823793]
2025-03-03 11:47:07,225 - solver.DE - DEBUG - Trial: [ 395.06698091 1701.34618675 2822.32992478 3963.36850728]
2025-03-03 11:47:07,229 - solver.DE - DEBUG - New best solution found:
2025-03-03 11:47:07,229 - solver.DE - DEBUG - Old best: [ 379.40065941 2966.50207853 1437.0828957  4517.01436636] (fitness: -0.086820)
2025-03-03 11:47:07,229 - solver.DE - DEBUG - New best: [1594.40399462 1420.29398978 1026.64904282 5258.65297279] (fitness: -0.092705)
2025-03-03 11:47:07,231 - solver.DE - DEBUG - New best solution found:
2025-03-03 11:47:07,231 - solver.DE - DEBUG - Old best: [1594.40399462 1420.29398978 1026.64904282 5258.65297279] (fitness: -0.092705)
2025-03-03 11:47:07,232 - solver.DE - DEBUG - New best: [ 472.35722073  246.40720359 6712.33534752 1868.90022816] (fitness: -0.093427)
2025-03-03 11:47:07,234 - solver.DE - DEBUG - New best solution found:
2025-03-03 11:47:07,235 - solver.DE - DEBUG - Old best: [ 472.35722073  246.40720359 6712.33534752 1868.90022816] (fitness: -0.093427)
2025-03-03 11:47:07,235 - solver.DE - DEBUG - New best: [   0.         1971.40784015 1359.0236902  5969.56846965] (fitness: -0.108678)
2025-03-03 11:47:07,235 - solver.DE - DEBUG - 
Generation 5:
2025-03-03 11:47:07,236 - solver.DE - DEBUG - Stage means: [2126.42520965 2186.63703648 2365.02899505 2621.90875881]
2025-03-03 11:47:07,236 - solver.DE - DEBUG - Stage stddevs: [ 886.41582823  977.75729512 1178.10610002  940.05155303]
2025-03-03 11:47:07,236 - solver.DE - DEBUG - Current best fitness: -0.108678
2025-03-03 11:47:07,236 - solver.DE - DEBUG - Current best solution: [   0.         1971.40784015 1359.0236902  5969.56846965]
2025-03-03 11:47:07,236 - solver.DE - DEBUG - Mutation rate F: 0.8868
2025-03-03 11:47:07,236 - solver.DE - DEBUG - Trial 0 details:
2025-03-03 11:47:07,236 - solver.DE - DEBUG - Parent: [3114.16845511  128.96829436 2618.13310198 3438.73014855]
2025-03-03 11:47:07,236 - solver.DE - DEBUG - Mutant: [3872.52354556    0.         2640.33389207 2787.14256237]
2025-03-03 11:47:07,236 - solver.DE - DEBUG - Trial: [3872.52354556  128.96829436 2640.33389207 2787.14256237]
2025-03-03 11:47:07,236 - solver.DE - DEBUG - Trial 1 details:
2025-03-03 11:47:07,236 - solver.DE - DEBUG - Parent: [ 812.95538119 1701.34618675 2822.32992478 3963.36850728]
2025-03-03 11:47:07,236 - solver.DE - DEBUG - Mutant: [   0.         1539.08097682 5580.18402358 2180.7349996 ]
2025-03-03 11:47:07,236 - solver.DE - DEBUG - Trial: [   0.         1539.08097682 5580.18402358 3963.36850728]
2025-03-03 11:47:07,246 - solver.DE - DEBUG - 
Generation 6:
2025-03-03 11:47:07,246 - solver.DE - DEBUG - Stage means: [2047.63520332 2110.41094516 2442.14436855 2699.80948297]
2025-03-03 11:47:07,247 - solver.DE - DEBUG - Stage stddevs: [ 946.96860071 1184.57816682 1472.36214083  985.92721828]
2025-03-03 11:47:07,247 - solver.DE - DEBUG - Current best fitness: -0.108678
2025-03-03 11:47:07,247 - solver.DE - DEBUG - Current best solution: [   0.         1971.40784015 1359.0236902  5969.56846965]
2025-03-03 11:47:07,247 - solver.DE - DEBUG - Mutation rate F: 0.8835
2025-03-03 11:47:07,247 - solver.DE - DEBUG - Trial 0 details:
2025-03-03 11:47:07,247 - solver.DE - DEBUG - Parent: [3114.16845511  128.96829436 2618.13310198 3438.73014855]
2025-03-03 11:47:07,247 - solver.DE - DEBUG - Mutant: [2681.37288835    0.         3352.02339191 3266.60371974]
2025-03-03 11:47:07,247 - solver.DE - DEBUG - Trial: [3114.16845511    0.         3352.02339191 3266.60371974]
2025-03-03 11:47:07,247 - solver.DE - DEBUG - Trial 1 details:
2025-03-03 11:47:07,247 - solver.DE - DEBUG - Parent: [ 812.95538119 1701.34618675 2822.32992478 3963.36850728]
2025-03-03 11:47:07,247 - solver.DE - DEBUG - Mutant: [1956.43439357 2077.18425283 2393.89431198 2872.48704162]
2025-03-03 11:47:07,247 - solver.DE - DEBUG - Trial: [1956.43439357 2077.18425283 2393.89431198 2872.48704162]
2025-03-03 11:47:07,257 - solver.DE - DEBUG - 
Generation 7:
2025-03-03 11:47:07,257 - solver.DE - DEBUG - Stage means: [1999.33216456 2042.97622042 2495.21997219 2762.47164283]
2025-03-03 11:47:07,257 - solver.DE - DEBUG - Stage stddevs: [ 962.26777095 1294.11133951 1707.79315803 1120.29535671]
2025-03-03 11:47:07,257 - solver.DE - DEBUG - Current best fitness: -0.108678
2025-03-03 11:47:07,257 - solver.DE - DEBUG - Current best solution: [   0.         1971.40784015 1359.0236902  5969.56846965]
2025-03-03 11:47:07,257 - solver.DE - DEBUG - Mutation rate F: 0.8802
2025-03-03 11:47:07,257 - solver.DE - DEBUG - Trial 0 details:
2025-03-03 11:47:07,258 - solver.DE - DEBUG - Parent: [3114.16845511  128.96829436 2618.13310198 3438.73014855]
2025-03-03 11:47:07,258 - solver.DE - DEBUG - Mutant: [3809.0950035    0.        2917.8571778 2573.0478187]
2025-03-03 11:47:07,258 - solver.DE - DEBUG - Trial: [3809.0950035    0.        2917.8571778 2573.0478187]
2025-03-03 11:47:07,258 - solver.DE - DEBUG - Trial 1 details:
2025-03-03 11:47:07,258 - solver.DE - DEBUG - Parent: [ 812.95538119 1701.34618675 2822.32992478 3963.36850728]
2025-03-03 11:47:07,258 - solver.DE - DEBUG - Mutant: [   0.         2885.21239845 2922.2122659  3492.57533565]
2025-03-03 11:47:07,258 - solver.DE - DEBUG - Trial: [   0.         1701.34618675 2922.2122659  3492.57533565]
2025-03-03 11:47:07,267 - solver.DE - DEBUG - 
Generation 8:
2025-03-03 11:47:07,267 - solver.DE - DEBUG - Stage means: [1958.87091326 2052.08731058 2457.09382217 2831.94795399]
2025-03-03 11:47:07,268 - solver.DE - DEBUG - Stage stddevs: [ 956.2787277  1404.30937909 1925.07617577 1241.56897143]
2025-03-03 11:47:07,268 - solver.DE - DEBUG - Current best fitness: -0.108678
2025-03-03 11:47:07,268 - solver.DE - DEBUG - Current best solution: [   0.         1971.40784015 1359.0236902  5969.56846965]
2025-03-03 11:47:07,268 - solver.DE - DEBUG - Mutation rate F: 0.8769
2025-03-03 11:47:07,268 - solver.DE - DEBUG - Trial 0 details:
2025-03-03 11:47:07,268 - solver.DE - DEBUG - Parent: [3114.16845511  128.96829436 2618.13310198 3438.73014855]
2025-03-03 11:47:07,268 - solver.DE - DEBUG - Mutant: [3437.29559019    0.         1160.56875324 4702.13565656]
2025-03-03 11:47:07,268 - solver.DE - DEBUG - Trial: [3437.29559019    0.         1160.56875324 4702.13565656]
2025-03-03 11:47:07,268 - solver.DE - DEBUG - Trial 0 accepted:
2025-03-03 11:47:07,268 - solver.DE - DEBUG - Old fitness: -0.075651
2025-03-03 11:47:07,268 - solver.DE - DEBUG - New fitness: -0.087431
2025-03-03 11:47:07,268 - solver.DE - DEBUG - Trial 1 details:
2025-03-03 11:47:07,268 - solver.DE - DEBUG - Parent: [ 812.95538119 1701.34618675 2822.32992478 3963.36850728]
2025-03-03 11:47:07,268 - solver.DE - DEBUG - Mutant: [2583.54120756    0.         2938.25233808 3778.20645436]
2025-03-03 11:47:07,268 - solver.DE - DEBUG - Trial: [ 812.95538119    0.         2822.32992478 3963.36850728]
2025-03-03 11:47:07,272 - solver.DE - DEBUG - New best solution found:
2025-03-03 11:47:07,272 - solver.DE - DEBUG - Old best: [   0.         1971.40784015 1359.0236902  5969.56846965] (fitness: -0.108678)
2025-03-03 11:47:07,273 - solver.DE - DEBUG - New best: [1545.92827471  418.46408294  124.5655863  7211.04205606] (fitness: -0.134127)
2025-03-03 11:47:07,278 - solver.DE - DEBUG - 
Generation 9:
2025-03-03 11:47:07,278 - solver.DE - DEBUG - Stage means: [1898.3709733  2056.9851526  2445.01551917 2899.62835493]
2025-03-03 11:47:07,278 - solver.DE - DEBUG - Stage stddevs: [ 978.30221041 1510.25463656 2075.14773598 1379.46686644]
2025-03-03 11:47:07,278 - solver.DE - DEBUG - Current best fitness: -0.134127
2025-03-03 11:47:07,278 - solver.DE - DEBUG - Current best solution: [1545.92827471  418.46408294  124.5655863  7211.04205606]
2025-03-03 11:47:07,278 - solver.DE - DEBUG - Mutation rate F: 0.8737
2025-03-03 11:47:07,278 - solver.DE - DEBUG - Trial 0 details:
2025-03-03 11:47:07,278 - solver.DE - DEBUG - Parent: [3437.29559019    0.         1160.56875324 4702.13565656]
2025-03-03 11:47:07,278 - solver.DE - DEBUG - Mutant: [2898.96231189    0.         1116.03134282 5285.00634529]
2025-03-03 11:47:07,278 - solver.DE - DEBUG - Trial: [2898.96231189    0.         1116.03134282 5285.00634529]
2025-03-03 11:47:07,278 - solver.DE - DEBUG - Trial 0 accepted:
2025-03-03 11:47:07,278 - solver.DE - DEBUG - Old fitness: -0.087431
2025-03-03 11:47:07,278 - solver.DE - DEBUG - New fitness: -0.094602
2025-03-03 11:47:07,278 - solver.DE - DEBUG - Trial 1 details:
2025-03-03 11:47:07,279 - solver.DE - DEBUG - Parent: [ 812.95538119 1701.34618675 2822.32992478 3963.36850728]
2025-03-03 11:47:07,279 - solver.DE - DEBUG - Mutant: [   0.         3756.7078631  1533.38854577 4009.90359113]
2025-03-03 11:47:07,279 - solver.DE - DEBUG - Trial: [ 812.95538119 3756.7078631  1533.38854577 4009.90359113]
2025-03-03 11:47:07,288 - solver.DE - DEBUG - 
Generation 10:
2025-03-03 11:47:07,288 - solver.DE - DEBUG - Stage means: [1836.38788824 2064.64890685 2371.34849083 3027.61471408]
2025-03-03 11:47:07,288 - solver.DE - DEBUG - Stage stddevs: [ 986.2476758  1622.69475279 2230.97411124 1496.5975437 ]
2025-03-03 11:47:07,288 - solver.DE - DEBUG - Current best fitness: -0.134127
2025-03-03 11:47:07,288 - solver.DE - DEBUG - Current best solution: [1545.92827471  418.46408294  124.5655863  7211.04205606]
2025-03-03 11:47:07,288 - solver.DE - DEBUG - Mutation rate F: 0.8704
2025-03-03 11:47:07,288 - solver.DE - DEBUG - Trial 0 details:
2025-03-03 11:47:07,288 - solver.DE - DEBUG - Parent: [2898.96231189    0.         1116.03134282 5285.00634529]
2025-03-03 11:47:07,288 - solver.DE - DEBUG - Mutant: [1911.91183423    0.         2715.38685481 4672.70131095]
2025-03-03 11:47:07,288 - solver.DE - DEBUG - Trial: [1911.91183423    0.         1116.03134282 4672.70131095]
2025-03-03 11:47:07,288 - solver.DE - DEBUG - Trial 1 details:
2025-03-03 11:47:07,289 - solver.DE - DEBUG - Parent: [ 812.95538119 1701.34618675 2822.32992478 3963.36850728]
2025-03-03 11:47:07,289 - solver.DE - DEBUG - Mutant: [1683.93450989  961.59957018 4444.29866667 2210.16725326]
2025-03-03 11:47:07,289 - solver.DE - DEBUG - Trial: [1683.93450989  961.59957018 2822.32992478 2210.16725326]
2025-03-03 11:47:07,298 - solver.DE - DEBUG - New best solution found:
2025-03-03 11:47:07,298 - solver.DE - DEBUG - Old best: [1545.92827471  418.46408294  124.5655863  7211.04205606] (fitness: -0.134127)
2025-03-03 11:47:07,298 - solver.DE - DEBUG - New best: [   0.    0.    0. 9300.] (fitness: -0.225190)
2025-03-03 11:47:07,298 - solver.DE - INFO - DE generation 10/300, best fitness: -0.225190
2025-03-03 11:47:07,298 - solver.DE - DEBUG - 
Generation 11:
2025-03-03 11:47:07,298 - solver.DE - DEBUG - Stage means: [1786.52675751 2083.59310218 2346.80840509 3083.03273255]
2025-03-03 11:47:07,298 - solver.DE - DEBUG - Stage stddevs: [1043.93669805 1784.14920702 2292.94908999 1625.02600851]
2025-03-03 11:47:07,298 - solver.DE - DEBUG - Current best fitness: -0.225190
2025-03-03 11:47:07,298 - solver.DE - DEBUG - Current best solution: [   0.    0.    0. 9300.]
2025-03-03 11:47:07,298 - solver.DE - DEBUG - Mutation rate F: 0.8672
2025-03-03 11:47:07,298 - solver.DE - DEBUG - Trial 0 details:
2025-03-03 11:47:07,298 - solver.DE - DEBUG - Parent: [2898.96231189    0.         1116.03134282 5285.00634529]
2025-03-03 11:47:07,298 - solver.DE - DEBUG - Mutant: [4229.96344944  196.77846748  695.53153939 4177.72654369]
2025-03-03 11:47:07,299 - solver.DE - DEBUG - Trial: [4229.96344944  196.77846748  695.53153939 4177.72654369]
2025-03-03 11:47:07,299 - solver.DE - DEBUG - Trial 1 details:
2025-03-03 11:47:07,299 - solver.DE - DEBUG - Parent: [ 812.95538119 1701.34618675 2822.32992478 3963.36850728]
2025-03-03 11:47:07,299 - solver.DE - DEBUG - Mutant: [   0.          259.46083566 2583.57921122 6456.95995312]
2025-03-03 11:47:07,299 - solver.DE - DEBUG - Trial: [ 812.95538119  259.46083566 2583.57921122 6456.95995312]
2025-03-03 11:47:07,308 - solver.DE - DEBUG - 
Generation 12:
2025-03-03 11:47:07,308 - solver.DE - DEBUG - Stage means: [1787.73442018 1965.3106802  2210.65530302 3336.26059393]
2025-03-03 11:47:07,308 - solver.DE - DEBUG - Stage stddevs: [1240.05556325 1778.78056862 2309.2267436  1795.08867283]
2025-03-03 11:47:07,308 - solver.DE - DEBUG - Current best fitness: -0.225190
2025-03-03 11:47:07,308 - solver.DE - DEBUG - Current best solution: [   0.    0.    0. 9300.]
2025-03-03 11:47:07,308 - solver.DE - DEBUG - Mutation rate F: 0.8640
2025-03-03 11:47:07,309 - solver.DE - DEBUG - Trial 0 details:
2025-03-03 11:47:07,309 - solver.DE - DEBUG - Parent: [2898.96231189    0.         1116.03134282 5285.00634529]
2025-03-03 11:47:07,309 - solver.DE - DEBUG - Mutant: [2349.48335633    0.         2396.54659663 4553.97004703]
2025-03-03 11:47:07,309 - solver.DE - DEBUG - Trial: [2349.48335633    0.         2396.54659663 4553.97004703]
2025-03-03 11:47:07,309 - solver.DE - DEBUG - Trial 1 details:
2025-03-03 11:47:07,309 - solver.DE - DEBUG - Parent: [ 812.95538119 1701.34618675 2822.32992478 3963.36850728]
2025-03-03 11:47:07,309 - solver.DE - DEBUG - Mutant: [ 650.80172162    0.         4627.13775694 4022.06052144]
2025-03-03 11:47:07,309 - solver.DE - DEBUG - Trial: [ 650.80172162    0.         4627.13775694 4022.06052144]
2025-03-03 11:47:07,309 - solver.DE - DEBUG - Trial 1 accepted:
2025-03-03 11:47:07,309 - solver.DE - DEBUG - Old fitness: -0.080856
2025-03-03 11:47:07,309 - solver.DE - DEBUG - New fitness: -0.092091
2025-03-03 11:47:07,319 - solver.DE - DEBUG - 
Generation 13:
2025-03-03 11:47:07,319 - solver.DE - DEBUG - Stage means: [1713.81027295 1945.74463308 2180.40072565 3459.99490894]
2025-03-03 11:47:07,319 - solver.DE - DEBUG - Stage stddevs: [1256.06032683 1830.6765952  2404.17391548 1876.99517633]
2025-03-03 11:47:07,319 - solver.DE - DEBUG - Current best fitness: -0.225190
2025-03-03 11:47:07,319 - solver.DE - DEBUG - Current best solution: [   0.    0.    0. 9300.]
2025-03-03 11:47:07,319 - solver.DE - DEBUG - Mutation rate F: 0.8608
2025-03-03 11:47:07,319 - solver.DE - DEBUG - Trial 0 details:
2025-03-03 11:47:07,319 - solver.DE - DEBUG - Parent: [2898.96231189    0.         1116.03134282 5285.00634529]
2025-03-03 11:47:07,319 - solver.DE - DEBUG - Mutant: [3886.12583025    0.         1711.65711047 3702.21705929]
2025-03-03 11:47:07,320 - solver.DE - DEBUG - Trial: [3886.12583025    0.         1711.65711047 3702.21705929]
2025-03-03 11:47:07,320 - solver.DE - DEBUG - Trial 1 details:
2025-03-03 11:47:07,320 - solver.DE - DEBUG - Parent: [ 650.80172162    0.         4627.13775694 4022.06052144]
2025-03-03 11:47:07,320 - solver.DE - DEBUG - Mutant: [ 621.69964011    0.         4004.51503534 4673.78532455]
2025-03-03 11:47:07,320 - solver.DE - DEBUG - Trial: [ 621.69964011    0.         4004.51503534 4673.78532455]
2025-03-03 11:47:07,320 - solver.DE - DEBUG - Trial 1 accepted:
2025-03-03 11:47:07,320 - solver.DE - DEBUG - Old fitness: -0.092091
2025-03-03 11:47:07,320 - solver.DE - DEBUG - New fitness: -0.096268
2025-03-03 11:47:07,329 - solver.DE - DEBUG - 
Generation 14:
2025-03-03 11:47:07,329 - solver.DE - DEBUG - Stage means: [1647.29466035 1862.78708329 2212.94800601 3576.92079098]
2025-03-03 11:47:07,329 - solver.DE - DEBUG - Stage stddevs: [1248.21673502 1844.19620012 2442.8089456  1996.34344245]
2025-03-03 11:47:07,329 - solver.DE - DEBUG - Current best fitness: -0.225190
2025-03-03 11:47:07,330 - solver.DE - DEBUG - Current best solution: [   0.    0.    0. 9300.]
2025-03-03 11:47:07,330 - solver.DE - DEBUG - Mutation rate F: 0.8576
2025-03-03 11:47:07,330 - solver.DE - DEBUG - Trial 0 details:
2025-03-03 11:47:07,330 - solver.DE - DEBUG - Parent: [2898.96231189    0.         1116.03134282 5285.00634529]
2025-03-03 11:47:07,330 - solver.DE - DEBUG - Mutant: [1475.13059473 2126.89572308  417.30420305 5280.66947914]
2025-03-03 11:47:07,330 - solver.DE - DEBUG - Trial: [1475.13059473 2126.89572308  417.30420305 5280.66947914]
2025-03-03 11:47:07,330 - solver.DE - DEBUG - Trial 1 details:
2025-03-03 11:47:07,330 - solver.DE - DEBUG - Parent: [ 621.69964011    0.         4004.51503534 4673.78532455]
2025-03-03 11:47:07,330 - solver.DE - DEBUG - Mutant: [1020.82541274  400.51259715 3578.22642415 4300.43556596]
2025-03-03 11:47:07,330 - solver.DE - DEBUG - Trial: [1020.82541274  400.51259715 4004.51503534 4300.43556596]
2025-03-03 11:47:07,340 - solver.DE - DEBUG - 
Generation 15:
2025-03-03 11:47:07,340 - solver.DE - DEBUG - Stage means: [1658.16143989 1785.33093931 2086.7885671  3769.66959433]
2025-03-03 11:47:07,341 - solver.DE - DEBUG - Stage stddevs: [1566.91275195 1873.71136085 2392.28471408 2092.53081232]
2025-03-03 11:47:07,341 - solver.DE - DEBUG - Current best fitness: -0.225190
2025-03-03 11:47:07,341 - solver.DE - DEBUG - Current best solution: [   0.    0.    0. 9300.]
2025-03-03 11:47:07,341 - solver.DE - DEBUG - Mutation rate F: 0.8544
2025-03-03 11:47:07,341 - solver.DE - DEBUG - Trial 0 details:
2025-03-03 11:47:07,341 - solver.DE - DEBUG - Parent: [2898.96231189    0.         1116.03134282 5285.00634529]
2025-03-03 11:47:07,341 - solver.DE - DEBUG - Mutant: [2372.13183726    0.         1717.11297218 5210.75519056]
2025-03-03 11:47:07,341 - solver.DE - DEBUG - Trial: [2898.96231189    0.         1116.03134282 5210.75519056]
2025-03-03 11:47:07,341 - solver.DE - DEBUG - Trial 1 details:
2025-03-03 11:47:07,341 - solver.DE - DEBUG - Parent: [ 621.69964011    0.         4004.51503534 4673.78532455]
2025-03-03 11:47:07,341 - solver.DE - DEBUG - Mutant: [4701.59039549    0.            0.         4598.40960451]
2025-03-03 11:47:07,341 - solver.DE - DEBUG - Trial: [4701.59039549    0.         4004.51503534 4673.78532455]
2025-03-03 11:47:07,351 - solver.DE - DEBUG - 
Generation 16:
2025-03-03 11:47:07,351 - solver.DE - DEBUG - Stage means: [1640.6202977  1787.15520847 2057.79765219 3814.37738226]
2025-03-03 11:47:07,351 - solver.DE - DEBUG - Stage stddevs: [1557.13280945 1903.57065472 2398.60045    2144.82583305]
2025-03-03 11:47:07,351 - solver.DE - DEBUG - Current best fitness: -0.225190
2025-03-03 11:47:07,351 - solver.DE - DEBUG - Current best solution: [   0.    0.    0. 9300.]
2025-03-03 11:47:07,351 - solver.DE - DEBUG - Mutation rate F: 0.8513
2025-03-03 11:47:07,351 - solver.DE - DEBUG - Trial 0 details:
2025-03-03 11:47:07,351 - solver.DE - DEBUG - Parent: [2898.96231189    0.         1116.03134282 5285.00634529]
2025-03-03 11:47:07,351 - solver.DE - DEBUG - Mutant: [2563.40567187    0.         4420.75105569 2315.84327244]
2025-03-03 11:47:07,351 - solver.DE - DEBUG - Trial: [2563.40567187    0.         1116.03134282 2315.84327244]
2025-03-03 11:47:07,351 - solver.DE - DEBUG - Trial 1 details:
2025-03-03 11:47:07,351 - solver.DE - DEBUG - Parent: [ 621.69964011    0.         4004.51503534 4673.78532455]
2025-03-03 11:47:07,351 - solver.DE - DEBUG - Mutant: [   0.    0.    0. 9300.]
2025-03-03 11:47:07,351 - solver.DE - DEBUG - Trial: [ 621.69964011    0.            0.         9300.        ]
2025-03-03 11:47:07,361 - solver.DE - DEBUG - 
Generation 17:
2025-03-03 11:47:07,361 - solver.DE - DEBUG - Stage means: [1617.25642623 1775.2060339  2033.54540395 3873.94267654]
2025-03-03 11:47:07,361 - solver.DE - DEBUG - Stage stddevs: [1685.90319424 1927.16558209 2392.3788546  2216.76211524]
2025-03-03 11:47:07,361 - solver.DE - DEBUG - Current best fitness: -0.225190
2025-03-03 11:47:07,361 - solver.DE - DEBUG - Current best solution: [   0.    0.    0. 9300.]
2025-03-03 11:47:07,361 - solver.DE - DEBUG - Mutation rate F: 0.8481
2025-03-03 11:47:07,361 - solver.DE - DEBUG - Trial 0 details:
2025-03-03 11:47:07,362 - solver.DE - DEBUG - Parent: [2898.96231189    0.         1116.03134282 5285.00634529]
2025-03-03 11:47:07,362 - solver.DE - DEBUG - Mutant: [1700.68919602 3142.6306809     0.         4456.68012308]
2025-03-03 11:47:07,362 - solver.DE - DEBUG - Trial: [1700.68919602 3142.6306809     0.         4456.68012308]
2025-03-03 11:47:07,362 - solver.DE - DEBUG - Trial 1 details:
2025-03-03 11:47:07,362 - solver.DE - DEBUG - Parent: [ 621.69964011    0.         4004.51503534 4673.78532455]
2025-03-03 11:47:07,362 - solver.DE - DEBUG - Mutant: [ 251.59134347    0.         4875.6775769  4172.73107962]
2025-03-03 11:47:07,362 - solver.DE - DEBUG - Trial: [ 621.69964011    0.         4875.6775769  4673.78532455]
2025-03-03 11:47:07,372 - solver.DE - DEBUG - 
Generation 18:
2025-03-03 11:47:07,372 - solver.DE - DEBUG - Stage means: [1565.62489071 1790.88974705 1871.67675519 4071.79815034]
2025-03-03 11:47:07,372 - solver.DE - DEBUG - Stage stddevs: [1700.9808169  1980.43210875 2356.71675983 2355.10629471]
2025-03-03 11:47:07,372 - solver.DE - DEBUG - Current best fitness: -0.225190
2025-03-03 11:47:07,372 - solver.DE - DEBUG - Current best solution: [   0.    0.    0. 9300.]
2025-03-03 11:47:07,372 - solver.DE - DEBUG - Mutation rate F: 0.8449
2025-03-03 11:47:07,372 - solver.DE - DEBUG - Trial 0 details:
2025-03-03 11:47:07,373 - solver.DE - DEBUG - Parent: [2898.96231189    0.         1116.03134282 5285.00634529]
2025-03-03 11:47:07,373 - solver.DE - DEBUG - Mutant: [3308.65198073    0.         1153.13626497 4838.2117543 ]
2025-03-03 11:47:07,373 - solver.DE - DEBUG - Trial: [3308.65198073    0.         1153.13626497 4838.2117543 ]
2025-03-03 11:47:07,373 - solver.DE - DEBUG - Trial 1 details:
2025-03-03 11:47:07,373 - solver.DE - DEBUG - Parent: [ 621.69964011    0.         4004.51503534 4673.78532455]
2025-03-03 11:47:07,373 - solver.DE - DEBUG - Mutant: [ 393.29274078 1782.4694053  3976.94156541 3147.29628851]
2025-03-03 11:47:07,373 - solver.DE - DEBUG - Trial: [ 393.29274078 1782.4694053  3976.94156541 4673.78532455]
2025-03-03 11:47:07,383 - solver.DE - DEBUG - 
Generation 19:
2025-03-03 11:47:07,383 - solver.DE - DEBUG - Stage means: [1533.74478579 1668.47548437 1815.63088107 4282.13839207]
2025-03-03 11:47:07,383 - solver.DE - DEBUG - Stage stddevs: [1625.19145049 2007.40265225 2304.54061551 2396.74328002]
2025-03-03 11:47:07,383 - solver.DE - DEBUG - Current best fitness: -0.225190
2025-03-03 11:47:07,383 - solver.DE - DEBUG - Current best solution: [   0.    0.    0. 9300.]
2025-03-03 11:47:07,383 - solver.DE - DEBUG - Mutation rate F: 0.8418
2025-03-03 11:47:07,383 - solver.DE - DEBUG - Trial 0 details:
2025-03-03 11:47:07,383 - solver.DE - DEBUG - Parent: [2898.96231189    0.         1116.03134282 5285.00634529]
2025-03-03 11:47:07,383 - solver.DE - DEBUG - Mutant: [2127.71530609    0.          156.25009742 7016.03459649]
2025-03-03 11:47:07,383 - solver.DE - DEBUG - Trial: [2898.96231189    0.         1116.03134282 7016.03459649]
2025-03-03 11:47:07,383 - solver.DE - DEBUG - Trial 1 details:
2025-03-03 11:47:07,383 - solver.DE - DEBUG - Parent: [ 621.69964011    0.         4004.51503534 4673.78532455]
2025-03-03 11:47:07,383 - solver.DE - DEBUG - Mutant: [1010.52928863 1384.58713806 6216.35334633  688.53022698]
2025-03-03 11:47:07,383 - solver.DE - DEBUG - Trial: [1010.52928863 1384.58713806 6216.35334633  688.53022698]
2025-03-03 11:47:07,393 - solver.DE - DEBUG - 
Generation 20:
2025-03-03 11:47:07,393 - solver.DE - DEBUG - Stage means: [1452.50717089 1565.92410246 1856.58870941 4425.0090702 ]
2025-03-03 11:47:07,393 - solver.DE - DEBUG - Stage stddevs: [1515.91144338 1989.46116279 2432.35915623 2469.91050892]
2025-03-03 11:47:07,393 - solver.DE - DEBUG - Current best fitness: -0.225190
2025-03-03 11:47:07,393 - solver.DE - DEBUG - Current best solution: [   0.    0.    0. 9300.]
2025-03-03 11:47:07,393 - solver.DE - DEBUG - Mutation rate F: 0.8387
2025-03-03 11:47:07,393 - solver.DE - DEBUG - Trial 0 details:
2025-03-03 11:47:07,393 - solver.DE - DEBUG - Parent: [2898.96231189    0.         1116.03134282 5285.00634529]
2025-03-03 11:47:07,393 - solver.DE - DEBUG - Mutant: [2667.96428318    0.         1027.10261163 5604.93310519]
2025-03-03 11:47:07,393 - solver.DE - DEBUG - Trial: [2667.96428318    0.         1027.10261163 5285.00634529]
2025-03-03 11:47:07,393 - solver.DE - DEBUG - Trial 1 details:
2025-03-03 11:47:07,393 - solver.DE - DEBUG - Parent: [ 621.69964011    0.         4004.51503534 4673.78532455]
2025-03-03 11:47:07,393 - solver.DE - DEBUG - Mutant: [ 387.5027944     0.         3735.47985323 5177.01735237]
2025-03-03 11:47:07,394 - solver.DE - DEBUG - Trial: [ 387.5027944     0.         3735.47985323 5177.01735237]
2025-03-03 11:47:07,394 - solver.DE - DEBUG - Trial 1 accepted:
2025-03-03 11:47:07,394 - solver.DE - DEBUG - Old fitness: -0.096268
2025-03-03 11:47:07,394 - solver.DE - DEBUG - New fitness: -0.102809
2025-03-03 11:47:07,403 - solver.DE - INFO - DE generation 20/300, best fitness: -0.225190
2025-03-03 11:47:07,404 - solver.DE - DEBUG - 
Generation 21:
2025-03-03 11:47:07,404 - solver.DE - DEBUG - Stage means: [1427.95504783 1553.02364827 1816.06041507 4502.98994179]
2025-03-03 11:47:07,404 - solver.DE - DEBUG - Stage stddevs: [1516.55341466 2009.61693531 2425.75390327 2479.52133025]
2025-03-03 11:47:07,404 - solver.DE - DEBUG - Current best fitness: -0.225190
2025-03-03 11:47:07,404 - solver.DE - DEBUG - Current best solution: [   0.    0.    0. 9300.]
2025-03-03 11:47:07,404 - solver.DE - DEBUG - Mutation rate F: 0.8356
2025-03-03 11:47:07,404 - solver.DE - DEBUG - Trial 0 details:
2025-03-03 11:47:07,404 - solver.DE - DEBUG - Parent: [2898.96231189    0.         1116.03134282 5285.00634529]
2025-03-03 11:47:07,404 - solver.DE - DEBUG - Mutant: [3.20308396e+00 1.68180066e+03 1.02486484e+03 6.59013142e+03]
2025-03-03 11:47:07,404 - solver.DE - DEBUG - Trial: [3.20308396e+00 1.68180066e+03 1.02486484e+03 6.59013142e+03]
2025-03-03 11:47:07,404 - solver.DE - DEBUG - Trial 0 accepted:
2025-03-03 11:47:07,404 - solver.DE - DEBUG - Old fitness: -0.094602
2025-03-03 11:47:07,404 - solver.DE - DEBUG - New fitness: -0.121447
2025-03-03 11:47:07,404 - solver.DE - DEBUG - Trial 1 details:
2025-03-03 11:47:07,404 - solver.DE - DEBUG - Parent: [ 387.5027944     0.         3735.47985323 5177.01735237]
2025-03-03 11:47:07,404 - solver.DE - DEBUG - Mutant: [   0.            0.         5945.39678991 3354.60321009]
2025-03-03 11:47:07,404 - solver.DE - DEBUG - Trial: [ 387.5027944     0.         3735.47985323 3354.60321009]
2025-03-03 11:47:07,414 - solver.DE - DEBUG - 
Generation 22:
2025-03-03 11:47:07,414 - solver.DE - DEBUG - Stage means: [1432.24205796 1539.12410443 1785.16431852 4543.49857205]
2025-03-03 11:47:07,414 - solver.DE - DEBUG - Stage stddevs: [1656.70167153 2027.05989192 2412.06304383 2587.16987407]
2025-03-03 11:47:07,414 - solver.DE - DEBUG - Current best fitness: -0.225190
2025-03-03 11:47:07,414 - solver.DE - DEBUG - Current best solution: [   0.    0.    0. 9300.]
2025-03-03 11:47:07,414 - solver.DE - DEBUG - Mutation rate F: 0.8324
2025-03-03 11:47:07,415 - solver.DE - DEBUG - Trial 0 details:
2025-03-03 11:47:07,415 - solver.DE - DEBUG - Parent: [3.20308396e+00 1.68180066e+03 1.02486484e+03 6.59013142e+03]
2025-03-03 11:47:07,415 - solver.DE - DEBUG - Mutant: [1082.226667   5484.57604324  780.61093805 1952.58635171]
2025-03-03 11:47:07,415 - solver.DE - DEBUG - Trial: [1082.226667   5484.57604324  780.61093805 6590.13141747]
2025-03-03 11:47:07,415 - solver.DE - DEBUG - Trial 1 details:
2025-03-03 11:47:07,415 - solver.DE - DEBUG - Parent: [ 387.5027944     0.         3735.47985323 5177.01735237]
2025-03-03 11:47:07,415 - solver.DE - DEBUG - Mutant: [1275.88599252  759.62679483    0.         7264.48721265]
2025-03-03 11:47:07,415 - solver.DE - DEBUG - Trial: [ 387.5027944   759.62679483 3735.47985323 5177.01735237]
2025-03-03 11:47:07,425 - solver.DE - DEBUG - 
Generation 23:
2025-03-03 11:47:07,425 - solver.DE - DEBUG - Stage means: [1388.33320328 1491.6023516  1850.02621874 4570.06727934]
2025-03-03 11:47:07,425 - solver.DE - DEBUG - Stage stddevs: [1742.39437442 1975.16559167 2508.26409169 2637.55748253]
2025-03-03 11:47:07,425 - solver.DE - DEBUG - Current best fitness: -0.225190
2025-03-03 11:47:07,425 - solver.DE - DEBUG - Current best solution: [   0.    0.    0. 9300.]
2025-03-03 11:47:07,425 - solver.DE - DEBUG - Mutation rate F: 0.8294
2025-03-03 11:47:07,425 - solver.DE - DEBUG - Trial 0 details:
2025-03-03 11:47:07,425 - solver.DE - DEBUG - Parent: [3.20308396e+00 1.68180066e+03 1.02486484e+03 6.59013142e+03]
2025-03-03 11:47:07,425 - solver.DE - DEBUG - Mutant: [   0.         2027.45228443  998.62066052 6273.92705505]
2025-03-03 11:47:07,426 - solver.DE - DEBUG - Trial: [3.20308396e+00 2.02745228e+03 9.98620661e+02 6.27392706e+03]
2025-03-03 11:47:07,426 - solver.DE - DEBUG - Trial 1 details:
2025-03-03 11:47:07,426 - solver.DE - DEBUG - Parent: [ 387.5027944     0.         3735.47985323 5177.01735237]
2025-03-03 11:47:07,426 - solver.DE - DEBUG - Mutant: [ 720.91210067    0.         3026.48952199 5552.59837734]
2025-03-03 11:47:07,426 - solver.DE - DEBUG - Trial: [ 720.91210067    0.         3026.48952199 5177.01735237]
2025-03-03 11:47:07,435 - solver.DE - DEBUG - 
Generation 24:
2025-03-03 11:47:07,435 - solver.DE - DEBUG - Stage means: [1331.32499309 1493.88879304 1765.95422245 4708.86104438]
2025-03-03 11:47:07,435 - solver.DE - DEBUG - Stage stddevs: [1733.48485799 2043.39997326 2453.03671562 2638.86484071]
2025-03-03 11:47:07,436 - solver.DE - DEBUG - Current best fitness: -0.225190
2025-03-03 11:47:07,436 - solver.DE - DEBUG - Current best solution: [   0.    0.    0. 9300.]
2025-03-03 11:47:07,436 - solver.DE - DEBUG - Mutation rate F: 0.8263
2025-03-03 11:47:07,436 - solver.DE - DEBUG - Trial 0 details:
2025-03-03 11:47:07,436 - solver.DE - DEBUG - Parent: [3.20308396e+00 1.68180066e+03 1.02486484e+03 6.59013142e+03]
2025-03-03 11:47:07,436 - solver.DE - DEBUG - Mutant: [ 822.73106682  810.2933689  1050.66584287 6616.30972142]
2025-03-03 11:47:07,436 - solver.DE - DEBUG - Trial: [ 822.73106682  810.2933689  1050.66584287 6616.30972142]
2025-03-03 11:47:07,436 - solver.DE - DEBUG - Trial 1 details:
2025-03-03 11:47:07,436 - solver.DE - DEBUG - Parent: [ 387.5027944     0.         3735.47985323 5177.01735237]
2025-03-03 11:47:07,436 - solver.DE - DEBUG - Mutant: [ 626.76779321    0.         4827.58462916 3845.64757763]
2025-03-03 11:47:07,436 - solver.DE - DEBUG - Trial: [ 387.5027944     0.         4827.58462916 3845.64757763]
2025-03-03 11:47:07,446 - solver.DE - DEBUG - 
Generation 25:
2025-03-03 11:47:07,446 - solver.DE - DEBUG - Stage means: [1293.7079125  1451.76011057 1728.5930461  4825.96798378]
2025-03-03 11:47:07,446 - solver.DE - DEBUG - Stage stddevs: [1734.67194162 1975.06510886 2455.31514643 2620.45399828]
2025-03-03 11:47:07,446 - solver.DE - DEBUG - Current best fitness: -0.225190
2025-03-03 11:47:07,446 - solver.DE - DEBUG - Current best solution: [   0.    0.    0. 9300.]
2025-03-03 11:47:07,446 - solver.DE - DEBUG - Mutation rate F: 0.8232
2025-03-03 11:47:07,446 - solver.DE - DEBUG - Trial 0 details:
2025-03-03 11:47:07,446 - solver.DE - DEBUG - Parent: [3.20308396e+00 1.68180066e+03 1.02486484e+03 6.59013142e+03]
2025-03-03 11:47:07,446 - solver.DE - DEBUG - Mutant: [   0.         2304.90441316    0.         6995.09558684]
2025-03-03 11:47:07,446 - solver.DE - DEBUG - Trial: [   0.         2304.90441316    0.         6995.09558684]
2025-03-03 11:47:07,446 - solver.DE - DEBUG - Trial 0 accepted:
2025-03-03 11:47:07,446 - solver.DE - DEBUG - Old fitness: -0.121447
2025-03-03 11:47:07,446 - solver.DE - DEBUG - New fitness: -0.132529
2025-03-03 11:47:07,446 - solver.DE - DEBUG - Trial 1 details:
2025-03-03 11:47:07,446 - solver.DE - DEBUG - Parent: [ 387.5027944     0.         3735.47985323 5177.01735237]
2025-03-03 11:47:07,446 - solver.DE - DEBUG - Mutant: [  68.01295639    0.         3140.3258416  6091.661202  ]
2025-03-03 11:47:07,446 - solver.DE - DEBUG - Trial: [  68.01295639    0.         3735.47985323 6091.661202  ]
2025-03-03 11:47:07,456 - solver.DE - DEBUG - 
Generation 26:
2025-03-03 11:47:07,456 - solver.DE - DEBUG - Stage means: [1268.31300075 1408.86867015 1680.0536977  4942.79368436]
2025-03-03 11:47:07,456 - solver.DE - DEBUG - Stage stddevs: [1730.58435495 1914.83146383 2429.42798768 2561.76398654]
2025-03-03 11:47:07,457 - solver.DE - DEBUG - Current best fitness: -0.225190
2025-03-03 11:47:07,457 - solver.DE - DEBUG - Current best solution: [   0.    0.    0. 9300.]
2025-03-03 11:47:07,457 - solver.DE - DEBUG - Mutation rate F: 0.8201
2025-03-03 11:47:07,457 - solver.DE - DEBUG - Trial 0 details:
2025-03-03 11:47:07,457 - solver.DE - DEBUG - Parent: [   0.         2304.90441316    0.         6995.09558684]
2025-03-03 11:47:07,457 - solver.DE - DEBUG - Mutant: [1340.01817637 3070.1471776     0.         4889.83464603]
2025-03-03 11:47:07,457 - solver.DE - DEBUG - Trial: [1340.01817637 3070.1471776     0.         4889.83464603]
2025-03-03 11:47:07,457 - solver.DE - DEBUG - Trial 1 details:
2025-03-03 11:47:07,457 - solver.DE - DEBUG - Parent: [ 387.5027944     0.         3735.47985323 5177.01735237]
2025-03-03 11:47:07,457 - solver.DE - DEBUG - Mutant: [ 301.68337775   98.33907975 2568.90165193 6331.07589058]
2025-03-03 11:47:07,457 - solver.DE - DEBUG - Trial: [ 387.5027944    98.33907975 3735.47985323 6331.07589058]
2025-03-03 11:47:07,467 - solver.DE - DEBUG - 
Generation 27:
2025-03-03 11:47:07,467 - solver.DE - DEBUG - Stage means: [1301.12328555 1416.85804558 1650.33863517 4931.71954336]
2025-03-03 11:47:07,467 - solver.DE - DEBUG - Stage stddevs: [1851.10540923 1980.95909082 2412.076682   2633.41607738]
2025-03-03 11:47:07,467 - solver.DE - DEBUG - Current best fitness: -0.225190
2025-03-03 11:47:07,467 - solver.DE - DEBUG - Current best solution: [   0.    0.    0. 9300.]
2025-03-03 11:47:07,467 - solver.DE - DEBUG - Mutation rate F: 0.8171
2025-03-03 11:47:07,467 - solver.DE - DEBUG - Trial 0 details:
2025-03-03 11:47:07,467 - solver.DE - DEBUG - Parent: [   0.         2304.90441316    0.         6995.09558684]
2025-03-03 11:47:07,467 - solver.DE - DEBUG - Mutant: [ 421.03709146 1867.98849994 1881.90859582 5129.06581278]
2025-03-03 11:47:07,467 - solver.DE - DEBUG - Trial: [ 421.03709146 1867.98849994 1881.90859582 5129.06581278]
2025-03-03 11:47:07,467 - solver.DE - DEBUG - Trial 1 details:
2025-03-03 11:47:07,467 - solver.DE - DEBUG - Parent: [ 387.5027944     0.         3735.47985323 5177.01735237]
2025-03-03 11:47:07,467 - solver.DE - DEBUG - Mutant: [ 729.50456541    0.         3224.54754762 5345.94788697]
2025-03-03 11:47:07,467 - solver.DE - DEBUG - Trial: [ 387.5027944     0.         3735.47985323 5345.94788697]
2025-03-03 11:47:07,477 - solver.DE - DEBUG - 
Generation 28:
2025-03-03 11:47:07,477 - solver.DE - DEBUG - Stage means: [1258.40496356 1362.13737722 1554.61120488 5124.885964  ]
2025-03-03 11:47:07,477 - solver.DE - DEBUG - Stage stddevs: [1859.64075745 1933.48890379 2299.80540111 2615.83001698]
2025-03-03 11:47:07,477 - solver.DE - DEBUG - Current best fitness: -0.225190
2025-03-03 11:47:07,477 - solver.DE - DEBUG - Current best solution: [   0.    0.    0. 9300.]
2025-03-03 11:47:07,477 - solver.DE - DEBUG - Mutation rate F: 0.8141
2025-03-03 11:47:07,477 - solver.DE - DEBUG - Trial 0 details:
2025-03-03 11:47:07,477 - solver.DE - DEBUG - Parent: [   0.         2304.90441316    0.         6995.09558684]
2025-03-03 11:47:07,477 - solver.DE - DEBUG - Mutant: [   0.         2040.52683382  509.6479443  6749.82522188]
2025-03-03 11:47:07,477 - solver.DE - DEBUG - Trial: [   0.         2304.90441316  509.6479443  6749.82522188]
2025-03-03 11:47:07,477 - solver.DE - DEBUG - Trial 1 details:
2025-03-03 11:47:07,478 - solver.DE - DEBUG - Parent: [ 387.5027944     0.         3735.47985323 5177.01735237]
2025-03-03 11:47:07,478 - solver.DE - DEBUG - Mutant: [4698.69233159    0.            0.         4601.30766841]
2025-03-03 11:47:07,478 - solver.DE - DEBUG - Trial: [4698.69233159    0.            0.         4601.30766841]
2025-03-03 11:47:07,487 - solver.DE - DEBUG - 
Generation 29:
2025-03-03 11:47:07,487 - solver.DE - DEBUG - Stage means: [1178.45838136 1411.57059877 1562.69298264 5147.31754689]
2025-03-03 11:47:07,487 - solver.DE - DEBUG - Stage stddevs: [1722.36893623 2132.33939325 2385.30127875 2672.88486226]
2025-03-03 11:47:07,487 - solver.DE - DEBUG - Current best fitness: -0.225190
2025-03-03 11:47:07,487 - solver.DE - DEBUG - Current best solution: [   0.    0.    0. 9300.]
2025-03-03 11:47:07,487 - solver.DE - DEBUG - Mutation rate F: 0.8110
2025-03-03 11:47:07,488 - solver.DE - DEBUG - Trial 0 details:
2025-03-03 11:47:07,488 - solver.DE - DEBUG - Parent: [   0.         2304.90441316    0.         6995.09558684]
2025-03-03 11:47:07,488 - solver.DE - DEBUG - Mutant: [2066.15536434    0.          292.22277841 6941.62185724]
2025-03-03 11:47:07,488 - solver.DE - DEBUG - Trial: [2066.15536434    0.          292.22277841 6995.09558684]
2025-03-03 11:47:07,488 - solver.DE - DEBUG - Trial 1 details:
2025-03-03 11:47:07,488 - solver.DE - DEBUG - Parent: [ 387.5027944     0.         3735.47985323 5177.01735237]
2025-03-03 11:47:07,488 - solver.DE - DEBUG - Mutant: [   0.            0.         4467.29551255 4832.70448745]
2025-03-03 11:47:07,488 - solver.DE - DEBUG - Trial: [   0.            0.         4467.29551255 4832.70448745]
2025-03-03 11:47:07,488 - solver.DE - DEBUG - Trial 1 accepted:
2025-03-03 11:47:07,488 - solver.DE - DEBUG - Old fitness: -0.102809
2025-03-03 11:47:07,488 - solver.DE - DEBUG - New fitness: -0.103559
2025-03-03 11:47:07,498 - solver.DE - DEBUG - 
Generation 30:
2025-03-03 11:47:07,498 - solver.DE - DEBUG - Stage means: [1164.85576182 1442.4035143  1525.71081436 5167.02990953]
2025-03-03 11:47:07,498 - solver.DE - DEBUG - Stage stddevs: [1718.4447704  2164.01560468 2373.31273397 2700.31858147]
2025-03-03 11:47:07,498 - solver.DE - DEBUG - Current best fitness: -0.225190
2025-03-03 11:47:07,498 - solver.DE - DEBUG - Current best solution: [   0.    0.    0. 9300.]
2025-03-03 11:47:07,498 - solver.DE - DEBUG - Mutation rate F: 0.8080
2025-03-03 11:47:07,498 - solver.DE - DEBUG - Trial 0 details:
2025-03-03 11:47:07,498 - solver.DE - DEBUG - Parent: [   0.         2304.90441316    0.         6995.09558684]
2025-03-03 11:47:07,498 - solver.DE - DEBUG - Mutant: [   0.         3163.97754469  707.92279307 5428.09966224]
2025-03-03 11:47:07,498 - solver.DE - DEBUG - Trial: [   0.         3163.97754469  707.92279307 5428.09966224]
2025-03-03 11:47:07,498 - solver.DE - DEBUG - Trial 1 details:
2025-03-03 11:47:07,498 - solver.DE - DEBUG - Parent: [   0.            0.         4467.29551255 4832.70448745]
2025-03-03 11:47:07,498 - solver.DE - DEBUG - Mutant: [ 179.99649217    0.         3882.66904402 5237.33446381]
2025-03-03 11:47:07,498 - solver.DE - DEBUG - Trial: [ 179.99649217    0.         4467.29551255 4832.70448745]
2025-03-03 11:47:07,508 - solver.DE - INFO - DE generation 30/300, best fitness: -0.225190
2025-03-03 11:47:07,508 - solver.DE - DEBUG - 
Generation 31:
2025-03-03 11:47:07,508 - solver.DE - DEBUG - Stage means: [1051.05593205 1404.32829744 1585.06239635 5259.55337415]
2025-03-03 11:47:07,508 - solver.DE - DEBUG - Stage stddevs: [1575.79916202 2148.82325819 2516.04082744 2718.87868341]
2025-03-03 11:47:07,508 - solver.DE - DEBUG - Current best fitness: -0.225190
2025-03-03 11:47:07,508 - solver.DE - DEBUG - Current best solution: [   0.    0.    0. 9300.]
2025-03-03 11:47:07,508 - solver.DE - DEBUG - Mutation rate F: 0.8050
2025-03-03 11:47:07,508 - solver.DE - DEBUG - Trial 0 details:
2025-03-03 11:47:07,508 - solver.DE - DEBUG - Parent: [   0.         2304.90441316    0.         6995.09558684]
2025-03-03 11:47:07,508 - solver.DE - DEBUG - Mutant: [1209.0878866  3297.64367579    0.         4793.26843761]
2025-03-03 11:47:07,508 - solver.DE - DEBUG - Trial: [   0.         3297.64367579    0.         4793.26843761]
2025-03-03 11:47:07,509 - solver.DE - DEBUG - Trial 1 details:
2025-03-03 11:47:07,509 - solver.DE - DEBUG - Parent: [   0.            0.         4467.29551255 4832.70448745]
2025-03-03 11:47:07,509 - solver.DE - DEBUG - Mutant: [   0.            0.         3522.91992613 5777.08007387]
2025-03-03 11:47:07,509 - solver.DE - DEBUG - Trial: [   0.            0.         3522.91992613 5777.08007387]
2025-03-03 11:47:07,509 - solver.DE - DEBUG - Trial 1 accepted:
2025-03-03 11:47:07,509 - solver.DE - DEBUG - Old fitness: -0.103559
2025-03-03 11:47:07,509 - solver.DE - DEBUG - New fitness: -0.113493
2025-03-03 11:47:07,519 - solver.DE - DEBUG - 
Generation 32:
2025-03-03 11:47:07,519 - solver.DE - DEBUG - Stage means: [1049.51720397 1382.51295136 1554.82130481 5313.14853986]
2025-03-03 11:47:07,519 - solver.DE - DEBUG - Stage stddevs: [1693.83639248 2152.34159396 2583.23971272 2760.49047126]
2025-03-03 11:47:07,519 - solver.DE - DEBUG - Current best fitness: -0.225190
2025-03-03 11:47:07,519 - solver.DE - DEBUG - Current best solution: [   0.    0.    0. 9300.]
2025-03-03 11:47:07,519 - solver.DE - DEBUG - Mutation rate F: 0.8020
2025-03-03 11:47:07,519 - solver.DE - DEBUG - Trial 0 details:
2025-03-03 11:47:07,519 - solver.DE - DEBUG - Parent: [   0.         2304.90441316    0.         6995.09558684]
2025-03-03 11:47:07,519 - solver.DE - DEBUG - Mutant: [ 985.35823867 1701.16939817    0.         6613.47236316]
2025-03-03 11:47:07,519 - solver.DE - DEBUG - Trial: [ 985.35823867 1701.16939817    0.         6613.47236316]
2025-03-03 11:47:07,519 - solver.DE - DEBUG - Trial 1 details:
2025-03-03 11:47:07,519 - solver.DE - DEBUG - Parent: [   0.            0.         3522.91992613 5777.08007387]
2025-03-03 11:47:07,519 - solver.DE - DEBUG - Mutant: [   0.            0.         3227.69541226 6072.30458774]
2025-03-03 11:47:07,519 - solver.DE - DEBUG - Trial: [   0.            0.         3227.69541226 6072.30458774]
2025-03-03 11:47:07,519 - solver.DE - DEBUG - Trial 1 accepted:
2025-03-03 11:47:07,519 - solver.DE - DEBUG - Old fitness: -0.113493
2025-03-03 11:47:07,519 - solver.DE - DEBUG - New fitness: -0.117866
2025-03-03 11:47:07,529 - solver.DE - DEBUG - 
Generation 33:
2025-03-03 11:47:07,529 - solver.DE - DEBUG - Stage means: [1093.32933833 1396.05728795 1472.33958678 5338.27378694]
2025-03-03 11:47:07,529 - solver.DE - DEBUG - Stage stddevs: [1809.16068613 2205.36355053 2533.47534658 2784.45149743]
2025-03-03 11:47:07,529 - solver.DE - DEBUG - Current best fitness: -0.225190
2025-03-03 11:47:07,529 - solver.DE - DEBUG - Current best solution: [   0.    0.    0. 9300.]
2025-03-03 11:47:07,529 - solver.DE - DEBUG - Mutation rate F: 0.7990
2025-03-03 11:47:07,529 - solver.DE - DEBUG - Trial 0 details:
2025-03-03 11:47:07,529 - solver.DE - DEBUG - Parent: [   0.         2304.90441316    0.         6995.09558684]
2025-03-03 11:47:07,529 - solver.DE - DEBUG - Mutant: [   0.    0.    0. 9300.]
2025-03-03 11:47:07,529 - solver.DE - DEBUG - Trial: [   0.    0.    0. 9300.]
2025-03-03 11:47:07,529 - solver.DE - DEBUG - Trial 0 accepted:
2025-03-03 11:47:07,529 - solver.DE - DEBUG - Old fitness: -0.132529
2025-03-03 11:47:07,529 - solver.DE - DEBUG - New fitness: -0.225190
2025-03-03 11:47:07,529 - solver.DE - DEBUG - Trial 1 details:
2025-03-03 11:47:07,529 - solver.DE - DEBUG - Parent: [   0.            0.         3227.69541226 6072.30458774]
2025-03-03 11:47:07,529 - solver.DE - DEBUG - Mutant: [   0.         2363.94945456 2691.06822595 4244.98231949]
2025-03-03 11:47:07,530 - solver.DE - DEBUG - Trial: [   0.         2363.94945456 3227.69541226 4244.98231949]
2025-03-03 11:47:07,539 - solver.DE - DEBUG - 
Generation 34:
2025-03-03 11:47:07,540 - solver.DE - DEBUG - Stage means: [ 995.46195739 1297.0364227  1478.8422138  5528.6594061 ]
2025-03-03 11:47:07,540 - solver.DE - DEBUG - Stage stddevs: [1671.68509946 2102.11760421 2531.12735034 2766.33863065]
2025-03-03 11:47:07,540 - solver.DE - DEBUG - Current best fitness: -0.225190
2025-03-03 11:47:07,540 - solver.DE - DEBUG - Current best solution: [   0.    0.    0. 9300.]
2025-03-03 11:47:07,540 - solver.DE - DEBUG - Mutation rate F: 0.7961
2025-03-03 11:47:07,540 - solver.DE - DEBUG - Trial 0 details:
2025-03-03 11:47:07,540 - solver.DE - DEBUG - Parent: [   0.    0.    0. 9300.]
2025-03-03 11:47:07,540 - solver.DE - DEBUG - Mutant: [   0.          815.42784206 1472.94628819 7011.62586975]
2025-03-03 11:47:07,540 - solver.DE - DEBUG - Trial: [   0.          815.42784206    0.         7011.62586975]
2025-03-03 11:47:07,540 - solver.DE - DEBUG - Trial 1 details:
2025-03-03 11:47:07,540 - solver.DE - DEBUG - Parent: [   0.            0.         3227.69541226 6072.30458774]
2025-03-03 11:47:07,540 - solver.DE - DEBUG - Mutant: [   0.         1957.63240538 2404.30910593 4938.05848869]
2025-03-03 11:47:07,540 - solver.DE - DEBUG - Trial: [   0.         1957.63240538 2404.30910593 4938.05848869]
2025-03-03 11:47:07,550 - solver.DE - DEBUG - 
Generation 35:
2025-03-03 11:47:07,550 - solver.DE - DEBUG - Stage means: [ 983.80448649 1162.37368132 1554.07839362 5599.74343858]
2025-03-03 11:47:07,550 - solver.DE - DEBUG - Stage stddevs: [1672.98933038 1898.89290567 2665.59825665 2776.65737642]
2025-03-03 11:47:07,550 - solver.DE - DEBUG - Current best fitness: -0.225190
2025-03-03 11:47:07,550 - solver.DE - DEBUG - Current best solution: [   0.    0.    0. 9300.]
2025-03-03 11:47:07,550 - solver.DE - DEBUG - Mutation rate F: 0.7931
2025-03-03 11:47:07,550 - solver.DE - DEBUG - Trial 0 details:
2025-03-03 11:47:07,550 - solver.DE - DEBUG - Parent: [   0.    0.    0. 9300.]
2025-03-03 11:47:07,550 - solver.DE - DEBUG - Mutant: [ 762.81656609    0.         1836.60744648 6700.57598742]
2025-03-03 11:47:07,550 - solver.DE - DEBUG - Trial: [   0.            0.         1836.60744648 6700.57598742]
2025-03-03 11:47:07,551 - solver.DE - DEBUG - Trial 1 details:
2025-03-03 11:47:07,551 - solver.DE - DEBUG - Parent: [   0.            0.         3227.69541226 6072.30458774]
2025-03-03 11:47:07,551 - solver.DE - DEBUG - Mutant: [ 643.09380711    0.         3072.2562972  5584.64989569]
2025-03-03 11:47:07,551 - solver.DE - DEBUG - Trial: [ 643.09380711    0.         3227.69541226 6072.30458774]
2025-03-03 11:47:07,560 - solver.DE - DEBUG - 
Generation 36:
2025-03-03 11:47:07,560 - solver.DE - DEBUG - Stage means: [ 979.48215903 1228.30106868 1410.75548485 5681.46128743]
2025-03-03 11:47:07,560 - solver.DE - DEBUG - Stage stddevs: [1666.34995948 2068.31245363 2533.28651116 2820.12413808]
2025-03-03 11:47:07,560 - solver.DE - DEBUG - Current best fitness: -0.225190
2025-03-03 11:47:07,560 - solver.DE - DEBUG - Current best solution: [   0.    0.    0. 9300.]
2025-03-03 11:47:07,561 - solver.DE - DEBUG - Mutation rate F: 0.7901
2025-03-03 11:47:07,561 - solver.DE - DEBUG - Trial 0 details:
2025-03-03 11:47:07,561 - solver.DE - DEBUG - Parent: [   0.    0.    0. 9300.]
2025-03-03 11:47:07,561 - solver.DE - DEBUG - Mutant: [ 872.84937131    0.         1206.20946628 7220.94116241]
2025-03-03 11:47:07,561 - solver.DE - DEBUG - Trial: [ 872.84937131    0.         1206.20946628 7220.94116241]
2025-03-03 11:47:07,561 - solver.DE - DEBUG - Trial 1 details:
2025-03-03 11:47:07,561 - solver.DE - DEBUG - Parent: [   0.            0.         3227.69541226 6072.30458774]
2025-03-03 11:47:07,561 - solver.DE - DEBUG - Mutant: [   0.         2116.79212935 2468.74231908 4714.46555157]
2025-03-03 11:47:07,561 - solver.DE - DEBUG - Trial: [   0.         2116.79212935 2468.74231908 4714.46555157]
2025-03-03 11:47:07,571 - solver.DE - DEBUG - 
Generation 37:
2025-03-03 11:47:07,571 - solver.DE - DEBUG - Stage means: [ 982.52601638 1183.94980865 1433.67670913 5699.84746583]
2025-03-03 11:47:07,571 - solver.DE - DEBUG - Stage stddevs: [1667.39487505 2048.4258633  2527.89982499 2816.53879388]
2025-03-03 11:47:07,571 - solver.DE - DEBUG - Current best fitness: -0.225190
2025-03-03 11:47:07,571 - solver.DE - DEBUG - Current best solution: [   0.    0.    0. 9300.]
2025-03-03 11:47:07,571 - solver.DE - DEBUG - Mutation rate F: 0.7872
2025-03-03 11:47:07,571 - solver.DE - DEBUG - Trial 0 details:
2025-03-03 11:47:07,571 - solver.DE - DEBUG - Parent: [   0.    0.    0. 9300.]
2025-03-03 11:47:07,571 - solver.DE - DEBUG - Mutant: [  86.99755923 2151.34017854    0.         7061.66226223]
2025-03-03 11:47:07,571 - solver.DE - DEBUG - Trial: [  86.99755923    0.            0.         9300.        ]
2025-03-03 11:47:07,572 - solver.DE - DEBUG - Trial 1 details:
2025-03-03 11:47:07,572 - solver.DE - DEBUG - Parent: [   0.            0.         3227.69541226 6072.30458774]
2025-03-03 11:47:07,572 - solver.DE - DEBUG - Mutant: [   0.            0.         3385.96223818 5914.03776182]
2025-03-03 11:47:07,572 - solver.DE - DEBUG - Trial: [   0.            0.         3385.96223818 5914.03776182]
2025-03-03 11:47:07,581 - solver.DE - DEBUG - 
Generation 38:
2025-03-03 11:47:07,582 - solver.DE - DEBUG - Stage means: [ 971.30182669 1161.6195339  1375.06501629 5792.01362312]
2025-03-03 11:47:07,582 - solver.DE - DEBUG - Stage stddevs: [1658.15915857 2051.80737593 2505.49561586 2814.32939658]
2025-03-03 11:47:07,582 - solver.DE - DEBUG - Current best fitness: -0.225190
2025-03-03 11:47:07,582 - solver.DE - DEBUG - Current best solution: [   0.    0.    0. 9300.]
2025-03-03 11:47:07,582 - solver.DE - DEBUG - Mutation rate F: 0.7843
2025-03-03 11:47:07,582 - solver.DE - DEBUG - Trial 0 details:
2025-03-03 11:47:07,582 - solver.DE - DEBUG - Parent: [   0.    0.    0. 9300.]
2025-03-03 11:47:07,582 - solver.DE - DEBUG - Mutant: [  11.0207348  1641.90970168  207.06956352 7440.        ]
2025-03-03 11:47:07,582 - solver.DE - DEBUG - Trial: [   0.         1641.90970168  207.06956352 7440.        ]
2025-03-03 11:47:07,582 - solver.DE - DEBUG - Trial 1 details:
2025-03-03 11:47:07,582 - solver.DE - DEBUG - Parent: [   0.            0.         3227.69541226 6072.30458774]
2025-03-03 11:47:07,582 - solver.DE - DEBUG - Mutant: [ 323.76056212  514.83141737 3669.18038672 4792.2276338 ]
2025-03-03 11:47:07,582 - solver.DE - DEBUG - Trial: [ 323.76056212  514.83141737 3669.18038672 4792.2276338 ]
2025-03-03 11:47:07,592 - solver.DE - DEBUG - 
Generation 39:
2025-03-03 11:47:07,592 - solver.DE - DEBUG - Stage means: [1017.73824075 1097.54220987 1340.03786492 5844.68168446]
2025-03-03 11:47:07,592 - solver.DE - DEBUG - Stage stddevs: [1794.52553082 2039.1277224  2445.28913935 2828.08176456]
2025-03-03 11:47:07,592 - solver.DE - DEBUG - Current best fitness: -0.225190
2025-03-03 11:47:07,592 - solver.DE - DEBUG - Current best solution: [   0.    0.    0. 9300.]
2025-03-03 11:47:07,592 - solver.DE - DEBUG - Mutation rate F: 0.7814
2025-03-03 11:47:07,592 - solver.DE - DEBUG - Trial 0 details:
2025-03-03 11:47:07,592 - solver.DE - DEBUG - Parent: [   0.    0.    0. 9300.]
2025-03-03 11:47:07,593 - solver.DE - DEBUG - Mutant: [   0.         2496.31324905    0.         6803.68675095]
2025-03-03 11:47:07,593 - solver.DE - DEBUG - Trial: [   0.         2496.31324905    0.         6803.68675095]
2025-03-03 11:47:07,593 - solver.DE - DEBUG - Trial 1 details:
2025-03-03 11:47:07,593 - solver.DE - DEBUG - Parent: [   0.            0.         3227.69541226 6072.30458774]
2025-03-03 11:47:07,593 - solver.DE - DEBUG - Mutant: [ 429.309675   1436.22200516    0.         7434.46831984]
2025-03-03 11:47:07,593 - solver.DE - DEBUG - Trial: [   0.         1436.22200516    0.         7434.46831984]
2025-03-03 11:47:07,603 - solver.DE - DEBUG - 
Generation 40:
2025-03-03 11:47:07,603 - solver.DE - DEBUG - Stage means: [ 985.61812824 1030.67175799 1359.72168344 5923.98843033]
2025-03-03 11:47:07,603 - solver.DE - DEBUG - Stage stddevs: [1788.27267214 1917.97096425 2440.15184175 2785.83584036]
2025-03-03 11:47:07,603 - solver.DE - DEBUG - Current best fitness: -0.225190
2025-03-03 11:47:07,603 - solver.DE - DEBUG - Current best solution: [   0.    0.    0. 9300.]
2025-03-03 11:47:07,603 - solver.DE - DEBUG - Mutation rate F: 0.7785
2025-03-03 11:47:07,603 - solver.DE - DEBUG - Trial 0 details:
2025-03-03 11:47:07,603 - solver.DE - DEBUG - Parent: [   0.    0.    0. 9300.]
2025-03-03 11:47:07,603 - solver.DE - DEBUG - Mutant: [   0.            0.         5497.92840234 3802.07159766]
2025-03-03 11:47:07,603 - solver.DE - DEBUG - Trial: [   0.            0.         5497.92840234 3802.07159766]
2025-03-03 11:47:07,603 - solver.DE - DEBUG - Trial 1 details:
2025-03-03 11:47:07,603 - solver.DE - DEBUG - Parent: [   0.            0.         3227.69541226 6072.30458774]
2025-03-03 11:47:07,603 - solver.DE - DEBUG - Mutant: [   0.          194.44139761 3741.457542   5364.10106039]
2025-03-03 11:47:07,603 - solver.DE - DEBUG - Trial: [   0.          194.44139761 3741.457542   5364.10106039]
2025-03-03 11:47:07,613 - solver.DE - INFO - DE converged after 40 generations
